<?xml version="1.0" encoding="UTF-8" standalone="no"?>
<testsuite failures="0" name="cucumber.runtime.formatter.JUnitFormatter" skipped="0" tests="1" time="18.466373">
<testcase classname="Login OpenOrangeHRM page and logout" name="To check the hooks features of the cucumber" time="18.466373">
<system-out><![CDATA[Given user is on orangehrm page.............................................passed
When User enters credentials'Admin' and 'admin123'..........................passed
Then User logins successfully...............................................passed
Then User logout application................................................passed
]]></system-out>
</testcase>
</testsuite>
