<?xml version="1.0" encoding="UTF-8"?>
<testng-results skipped="0" failed="0" ignored="0" total="1" passed="1">
  <reporter-output>
  </reporter-output>
  <suite name="Default suite" duration-ms="15141" started-at="2019-10-21T18:55:04Z" finished-at="2019-10-21T18:55:19Z">
    <groups>
    </groups>
    <test name="Default test" duration-ms="15141" started-at="2019-10-21T18:55:04Z" finished-at="2019-10-21T18:55:19Z">
      <class name="selenium4features.GetRectanglemethod">
        <test-method status="PASS" signature="launchbrowser()[pri:0, instance:selenium4features.GetRectanglemethod@617faa95]" name="launchbrowser" is-config="true" duration-ms="14587" started-at="2019-10-21T18:55:04Z" description="launching of browser" finished-at="2019-10-21T18:55:19Z">
          <reporter-output>
          </reporter-output>
        </test-method> <!-- launchbrowser -->
        <test-method status="PASS" signature="openurlandlogin()[pri:1, instance:selenium4features.GetRectanglemethod@617faa95]" name="openurlandlogin" duration-ms="520" started-at="2019-10-21T18:55:19Z" description="open the url and switch to another window" finished-at="2019-10-21T18:55:19Z">
          <reporter-output>
          </reporter-output>
        </test-method> <!-- openurlandlogin -->
      </class> <!-- selenium4features.GetRectanglemethod -->
    </test> <!-- Default test -->
  </suite> <!-- Default suite -->
</testng-results>
